# JRE version: Java(TM) SE Runtime Environment (8.0_141-b15) (build 1.8.0_141-b15)
# Java VM: Java HotSpot(TM) Server VM (25.141-b15 mixed mode linux-x86 )
Heap:
 PSYoungGen      total 22528K, used 18893K [0x9a600000, 0x9bd80000, 0xa7800000)
  eden space 20992K, 82% used [0x9a600000,0x9b6f3b18,0x9ba80000)
  from space 1536K, 99% used [0x9bc00000,0x9bd7fa80,0x9bd80000)
  to   space 1536K, 0% used [0x9ba80000,0x9ba80000,0x9bc00000)
 ParOldGen       total 27392K, used 1976K [0x80200000, 0x81cc0000, 0x9a600000)
  object space 27392K, 7% used [0x80200000,0x803ee180,0x81cc0000)
 Metaspace       used 8452K, capacity 8497K, committed 8600K, reserved 9520K
GC Heap History (4 events):
Event: 5,126 GC heap before
{Heap before GC invocations=1 (full 0):
 PSYoungGen      total 12032K, used 10496K [0x9a600000, 0x9b340000, 0xa7800000)
  eden space 10496K, 100% used [0x9a600000,0x9b040000,0x9b040000)
  from space 1536K, 0% used [0x9b1c0000,0x9b1c0000,0x9b340000)
  to   space 1536K, 0% used [0x9b040000,0x9b040000,0x9b1c0000)
 ParOldGen       total 27392K, used 0K [0x80200000, 0x81cc0000, 0x9a600000)
  object space 27392K, 0% used [0x80200000,0x80200000,0x81cc0000)
 Metaspace       used 4489K, capacity 4546K, committed 4632K, reserved 5424K
Event: 5,199 GC heap after
Heap after GC invocations=1 (full 0):
 PSYoungGen      total 12032K, used 1531K [0x9a600000, 0x9bd80000, 0xa7800000)
  eden space 10496K, 0% used [0x9a600000,0x9a600000,0x9b040000)
  from space 1536K, 99% used [0x9b040000,0x9b1beda0,0x9b1c0000)
  to   space 1536K, 0% used [0x9bc00000,0x9bc00000,0x9bd80000)
 ParOldGen       total 27392K, used 940K [0x80200000, 0x81cc0000, 0x9a600000)
  object space 27392K, 3% used [0x80200000,0x802eb058,0x81cc0000)
 Metaspace       used 4489K, capacity 4546K, committed 4632K, reserved 5424K
}
Event: 7,194 GC heap before
{Heap before GC invocations=2 (full 0):
 PSYoungGen      total 12032K, used 12027K [0x9a600000, 0x9bd80000, 0xa7800000)
  eden space 10496K, 100% used [0x9a600000,0x9b040000,0x9b040000)
  from space 1536K, 99% used [0x9b040000,0x9b1beda0,0x9b1c0000)
  to   space 1536K, 0% used [0x9bc00000,0x9bc00000,0x9bd80000)
 ParOldGen       total 27392K, used 940K [0x80200000, 0x81cc0000, 0x9a600000)
  object space 27392K, 3% used [0x80200000,0x802eb058,0x81cc0000)
 Metaspace       used 5713K, capacity 5769K, committed 5912K, reserved 6448K
Event: 7,238 GC heap after
Heap after GC invocations=2 (full 0):
 PSYoungGen      total 22528K, used 1534K [0x9a600000, 0x9bd80000, 0xa7800000)
  eden space 20992K, 0% used [0x9a600000,0x9a600000,0x9ba80000)
  from space 1536K, 99% used [0x9bc00000,0x9bd7fa80,0x9bd80000)
  to   space 1536K, 0% used [0x9ba80000,0x9ba80000,0x9bc00000)
 ParOldGen       total 27392K, used 1976K [0x80200000, 0x81cc0000, 0x9a600000)
  object space 27392K, 7% used [0x80200000,0x803ee180,0x81cc0000)
 Metaspace       used 5713K, capacity 5769K, committed 5912K, reserved 6448K
}

